Tests for the module ```4-print_square``` function ```print_square```
=========================================================================
Import the function.
>>> print_square = __import__('4-print_square').print_square

Test the function.

>>> print_square(1)
#

>>> print_square()
Traceback (most recent call last):
...
TypeError: print_square() missing 1 required positional argument: 'size'

>>> print_square(1, 2)
Traceback (most recent call last):
...
TypeError: print_square() takes 1 positional argument but 2 were given

Test for negative numbers.

>>> print_square(-1)
Traceback (most recent call last):
...
ValueError: size must be >= 0

Test the type of value.

>>> print_square('1')
Traceback (most recent call last):
...
TypeError: size must be an integer
